2024-03-16 15:07:37,005 - INFO - Data for AAVE after dropping NaNs:
                       Open    High     Low   Close  Volume
Timestamp                                                  
2024-02-28 07:35:00  107.04  107.54  106.78  107.04  706.87
2024-02-28 07:40:00  107.05  107.08  106.82  107.08   53.95
2024-02-28 07:45:00  107.10  107.56  106.77  106.86  398.63
2024-02-28 07:50:00  106.75  107.37  106.75  107.36   16.61
2024-02-28 07:55:00  107.29  107.31  107.00  107.04  361.62
...                     ...     ...     ...     ...     ...
2024-03-16 20:25:00  118.34  119.13  118.34  119.07    0.93
2024-03-16 20:30:00  119.35  119.88  119.17  119.88    1.21
2024-03-16 20:35:00  119.95  120.29  119.95  120.29    2.79
2024-03-16 20:40:00  120.16  120.49  119.77  120.49    1.57
2024-03-16 20:45:00  120.64  120.64  120.64  120.64   17.09

[5055 rows x 5 columns]
2024-03-16 15:07:37,005 - INFO - Starting optimization for AAVE...
2024-03-16 15:33:50,742 - INFO - Optimization completed for AAVE. Best Parameters: None
2024-03-16 15:33:50,742 - ERROR - Invalid best parameters from optimization.
2024-03-16 15:33:51,784 - INFO - Data for ALT after dropping NaNs:
                        Open     High      Low    Close   Volume
Timestamp                                                       
2024-02-27 23:00:00  0.52224  0.52354  0.52164  0.52210  33671.0
2024-02-27 23:05:00  0.52355  0.52437  0.52294  0.52294  45867.0
2024-02-27 23:10:00  0.52329  0.52339  0.52266  0.52274  17426.0
2024-02-27 23:15:00  0.52281  0.52505  0.52250  0.52450  42776.0
2024-02-27 23:20:00  0.52459  0.52540  0.52400  0.52428  14869.0
...                      ...      ...      ...      ...      ...
2024-03-16 20:25:00  0.48122  0.48468  0.47962  0.48468  22108.0
2024-03-16 20:30:00  0.48443  0.49499  0.48443  0.49449   3979.0
2024-03-16 20:35:00  0.49619  0.50017  0.49582  0.50017    388.0
2024-03-16 20:40:00  0.50071  0.50250  0.49698  0.50250   1208.0
2024-03-16 20:45:00  0.50402  0.50780  0.50402  0.50780    241.0

[5158 rows x 5 columns]
2024-03-16 15:33:51,784 - INFO - Starting optimization for ALT...
2024-03-16 16:00:20,831 - INFO - Optimization completed for ALT. Best Parameters: None
2024-03-16 16:00:20,831 - ERROR - Invalid best parameters from optimization.
2024-03-16 16:00:22,122 - INFO - Data for ARB after dropping NaNs:
                       Open    High     Low   Close    Volume
Timestamp                                                    
2024-02-28 04:05:00  1.8606  1.8656  1.8606  1.8640   41974.0
2024-02-28 04:10:00  1.8645  1.8667  1.8645  1.8660      58.8
2024-02-28 04:15:00  1.8676  1.8689  1.8660  1.8682    5752.0
2024-02-28 04:20:00  1.8692  1.8775  1.8690  1.8775  104723.0
2024-02-28 04:25:00  1.8771  1.8771  1.8743  1.8760   16617.0
...                     ...     ...     ...     ...       ...
2024-03-16 20:25:00  1.7335  1.7507  1.7335  1.7479   80390.3
2024-03-16 20:30:00  1.7473  1.7654  1.7473  1.7620   47384.6
2024-03-16 20:35:00  1.7629  1.7679  1.7602  1.7625   67323.9
2024-03-16 20:40:00  1.7621  1.7659  1.7549  1.7656    6744.6
2024-03-16 20:45:00  1.7647  1.7680  1.7646  1.7675    1299.4

[5097 rows x 5 columns]
2024-03-16 16:00:22,122 - INFO - Starting optimization for ARB...
2024-03-16 16:26:57,918 - INFO - Optimization completed for ARB. Best Parameters: None
2024-03-16 16:26:57,918 - ERROR - Invalid best parameters from optimization.
2024-03-16 16:27:00,007 - INFO - Data for BLUR after dropping NaNs:
                        Open     High      Low    Close    Volume
Timestamp                                                        
2024-02-27 13:55:00  0.74066  0.74138  0.73986  0.74138  113740.0
2024-02-27 14:00:00  0.74132  0.74171  0.73659  0.73701   80699.0
2024-02-27 14:05:00  0.73717  0.73895  0.73717  0.73792   54181.0
2024-02-27 14:10:00  0.73766  0.73951  0.73763  0.73767   53772.0
2024-02-27 14:15:00  0.73857  0.73877  0.73624  0.73642   50695.0
...                      ...      ...      ...      ...       ...
2024-03-16 20:25:00  0.59594  0.60231  0.59594  0.60231  252537.0
2024-03-16 20:30:00  0.60190  0.60644  0.60190  0.60623   27346.0
2024-03-16 20:35:00  0.60733  0.60820  0.60632  0.60674   14894.0
2024-03-16 20:40:00  0.60603  0.60805  0.60517  0.60801    3225.0
2024-03-16 20:45:00  0.60739  0.61094  0.60739  0.61094  105570.0

[5267 rows x 5 columns]
2024-03-16 16:27:00,007 - INFO - Starting optimization for BLUR...
2024-03-16 16:54:12,430 - INFO - Optimization completed for BLUR. Best Parameters: None
2024-03-16 16:54:12,430 - ERROR - Invalid best parameters from optimization.
2024-03-16 16:54:13,409 - INFO - Data for BNB after dropping NaNs:
                       Open    High     Low   Close   Volume
Timestamp                                                   
2024-02-28 03:15:00  396.17  396.21  395.54  396.00    2.557
2024-02-28 03:20:00  396.12  396.25  395.80  395.80    1.597
2024-02-28 03:25:00  395.81  396.26  395.81  396.26    0.135
2024-02-28 03:30:00  396.32  396.45  395.55  395.70    0.386
2024-02-28 03:35:00  395.49  395.51  395.22  395.51    0.698
...                     ...     ...     ...     ...      ...
2024-03-16 20:25:00  583.45  587.24  583.45  586.23  110.005
2024-03-16 20:30:00  586.95  589.72  586.95  589.63  619.745
2024-03-16 20:35:00  589.82  591.15  588.86  589.95   26.286
2024-03-16 20:40:00  589.48  590.55  587.58  590.55   91.531
2024-03-16 20:45:00  589.70  590.84  589.70  590.77   47.147

[5107 rows x 5 columns]
2024-03-16 16:54:13,409 - INFO - Starting optimization for BNB...
2024-03-16 17:20:25,091 - INFO - Optimization completed for BNB. Best Parameters: None
2024-03-16 17:20:25,091 - ERROR - Invalid best parameters from optimization.
2024-03-16 17:20:30,144 - INFO - Data for BTC after dropping NaNs:
                        Open     High      Low    Close    Volume
Timestamp                                                        
2024-02-28 01:50:00  56891.0  56934.0  56876.0  56908.0  15.51915
2024-02-28 01:55:00  56908.0  56908.0  56839.0  56842.0   9.50853
2024-02-28 02:00:00  56843.0  56875.0  56799.0  56805.0  11.40709
2024-02-28 02:05:00  56805.0  56867.0  56762.0  56843.0  11.05731
2024-02-28 02:10:00  56843.0  56873.0  56798.0  56868.0  26.32842
...                      ...      ...      ...      ...       ...
2024-03-16 20:25:00  66861.0  67255.0  66861.0  67131.0  50.02747
2024-03-16 20:30:00  67113.0  67345.0  67113.0  67329.0  12.12303
2024-03-16 20:35:00  67330.0  67531.0  67330.0  67403.0  22.63568
2024-03-16 20:40:00  67403.0  67534.0  67267.0  67507.0  14.14947
2024-03-16 20:45:00  67480.0  67582.0  67460.0  67582.0  10.57839

[5124 rows x 5 columns]
2024-03-16 17:20:30,144 - INFO - Starting optimization for BTC...
2024-03-16 17:47:15,372 - INFO - Optimization completed for BTC. Best Parameters: None
2024-03-16 17:47:15,372 - ERROR - Invalid best parameters from optimization.
2024-03-16 17:47:24,358 - INFO - Data for ETH after dropping NaNs:
                       Open    High     Low   Close    Volume
Timestamp                                                    
2024-02-28 02:00:00  3239.2  3242.3  3238.0  3238.0  279.5626
2024-02-28 02:05:00  3238.0  3239.9  3233.9  3237.0  321.4767
2024-02-28 02:10:00  3237.1  3239.9  3236.4  3239.9   42.6925
2024-02-28 02:15:00  3239.9  3242.7  3238.2  3242.7  246.8764
2024-02-28 02:20:00  3242.5  3245.9  3242.5  3245.6  273.1013
...                     ...     ...     ...     ...       ...
2024-03-16 20:25:00  3588.7  3618.8  3588.7  3613.2  515.8086
2024-03-16 20:30:00  3612.2  3626.2  3612.2  3624.4  262.5737
2024-03-16 20:35:00  3624.5  3635.3  3624.5  3626.1  258.8641
2024-03-16 20:40:00  3626.1  3632.2  3613.4  3630.6  255.2796
2024-03-16 20:45:00  3630.6  3637.4  3628.1  3637.4   56.5970

[5122 rows x 5 columns]
2024-03-16 17:47:24,358 - INFO - Starting optimization for ETH...
2024-03-16 18:13:29,004 - INFO - Optimization completed for ETH. Best Parameters: None
2024-03-16 18:13:29,005 - ERROR - Invalid best parameters from optimization.
2024-03-16 18:13:31,050 - INFO - Data for INJ after dropping NaNs:
                       Open    High     Low   Close  Volume
Timestamp                                                  
2024-02-28 04:30:00  40.228  40.266  39.871  40.073  3047.0
2024-02-28 04:35:00  40.184  40.184  39.948  39.964  1684.7
2024-02-28 04:40:00  39.985  39.999  39.972  39.977   882.5
2024-02-28 04:45:00  40.023  40.182  40.019  40.165  2161.5
2024-02-28 04:50:00  40.154  40.172  39.950  39.971   451.1
...                     ...     ...     ...     ...     ...
2024-03-16 20:25:00  40.597  41.027  40.597  40.915  1401.8
2024-03-16 20:30:00  41.042  41.562  41.042  41.461  1452.7
2024-03-16 20:35:00  41.490  41.603  41.423  41.430  2502.9
2024-03-16 20:40:00  41.407  41.651  41.244  41.568  2028.0
2024-03-16 20:45:00  41.540  41.778  41.540  41.762   566.8

[5092 rows x 5 columns]
2024-03-16 18:13:31,050 - INFO - Starting optimization for INJ...
2024-03-16 18:39:23,794 - INFO - Optimization completed for INJ. Best Parameters: None
2024-03-16 18:39:23,794 - ERROR - Invalid best parameters from optimization.
2024-03-16 18:39:24,778 - INFO - Data for JUP after dropping NaNs:
                        Open     High      Low    Close    Volume
Timestamp                                                        
2024-02-27 19:35:00  0.50512  0.50512  0.50199  0.50250   94057.0
2024-02-27 19:40:00  0.50232  0.50308  0.50176  0.50302    4375.0
2024-02-27 19:45:00  0.50424  0.50431  0.50344  0.50350    8641.0
2024-02-27 19:50:00  0.50316  0.50485  0.50316  0.50429   12006.0
2024-02-27 19:55:00  0.50382  0.50386  0.50314  0.50334   72908.0
...                      ...      ...      ...      ...       ...
2024-03-16 20:25:00  1.25350  1.27120  1.25350  1.26920   43080.0
2024-03-16 20:30:00  1.27070  1.30200  1.27020  1.30120  106966.0
2024-03-16 20:35:00  1.30040  1.31240  1.29070  1.29370   83763.0
2024-03-16 20:40:00  1.29380  1.29750  1.28330  1.28970   57820.0
2024-03-16 20:45:00  1.28890  1.30620  1.28840  1.30080   41558.0

[5199 rows x 5 columns]
2024-03-16 18:39:24,778 - INFO - Starting optimization for JUP...
2024-03-16 19:05:59,321 - INFO - Optimization completed for JUP. Best Parameters: None
2024-03-16 19:05:59,321 - ERROR - Invalid best parameters from optimization.
2024-03-16 19:06:00,151 - INFO - Data for LINK after dropping NaNs:
                       Open    High     Low   Close  Volume
Timestamp                                                  
2024-02-28 05:35:00  19.044  19.044  19.019  19.023  1293.7
2024-02-28 05:40:00  19.020  19.025  19.001  19.009   946.5
2024-02-28 05:45:00  19.000  19.001  18.991  18.997   157.4
2024-02-28 05:50:00  19.001  19.012  18.996  18.999    31.5
2024-02-28 05:55:00  18.996  19.007  18.989  18.997   122.5
...                     ...     ...     ...     ...     ...
2024-03-16 20:25:00  18.149  18.331  18.149  18.315   248.9
2024-03-16 20:30:00  18.298  18.428  18.298  18.409   913.7
2024-03-16 20:35:00  18.440  18.469  18.405  18.420  1502.0
2024-03-16 20:40:00  18.412  18.462  18.355  18.462   644.0
2024-03-16 20:45:00  18.445  18.464  18.445  18.464   353.5

[5079 rows x 5 columns]
2024-03-16 19:06:00,151 - INFO - Starting optimization for LINK...
2024-03-16 19:31:31,722 - INFO - Optimization completed for LINK. Best Parameters: None
2024-03-16 19:31:31,722 - ERROR - Invalid best parameters from optimization.
2024-03-16 19:31:33,789 - INFO - Data for MATIC after dropping NaNs:
                       Open    High     Low   Close   Volume
Timestamp                                                   
2024-02-28 02:25:00  1.0306  1.0314  1.0295  1.0313  29853.3
2024-02-28 02:30:00  1.0314  1.0320  1.0302  1.0302  52512.0
2024-02-28 02:35:00  1.0304  1.0307  1.0292  1.0297   6420.0
2024-02-28 02:40:00  1.0299  1.0309  1.0299  1.0306  27416.8
2024-02-28 02:45:00  1.0304  1.0313  1.0283  1.0286  73531.2
...                     ...     ...     ...     ...      ...
2024-03-16 20:25:00  1.0502  1.0586  1.0502  1.0586   4365.8
2024-03-16 20:30:00  1.0597  1.0636  1.0597  1.0627  11545.4
2024-03-16 20:35:00  1.0630  1.0660  1.0629  1.0654  31669.3
2024-03-16 20:40:00  1.0647  1.0653  1.0600  1.0650   5070.5
2024-03-16 20:45:00  1.0656  1.0674  1.0649  1.0674   9841.4

[5117 rows x 5 columns]
2024-03-16 19:31:33,790 - INFO - Starting optimization for MATIC...
2024-03-16 19:57:09,148 - INFO - Optimization completed for MATIC. Best Parameters: None
2024-03-16 19:57:09,148 - ERROR - Invalid best parameters from optimization.
2024-03-16 19:57:10,492 - INFO - Data for OP after dropping NaNs:
                       Open    High     Low   Close   Volume
Timestamp                                                   
2024-02-28 03:40:00  3.7325  3.7461  3.7325  3.7369    436.5
2024-02-28 03:45:00  3.7367  3.7435  3.7352  3.7352   1303.8
2024-02-28 03:50:00  3.7370  3.7459  3.7355  3.7457    892.1
2024-02-28 03:55:00  3.7415  3.7415  3.7357  3.7384    650.5
2024-02-28 04:00:00  3.7398  3.7428  3.7343  3.7414  12393.5
...                     ...     ...     ...     ...      ...
2024-03-16 20:25:00  3.4912  3.5295  3.4906  3.5247  30124.9
2024-03-16 20:30:00  3.5264  3.5516  3.5264  3.5491  13763.7
2024-03-16 20:35:00  3.5500  3.5596  3.5449  3.5517  19682.7
2024-03-16 20:40:00  3.5512  3.5639  3.5369  3.5618  13465.8
2024-03-16 20:45:00  3.5593  3.5741  3.5585  3.5730   8597.5

[5102 rows x 5 columns]
2024-03-16 19:57:10,492 - INFO - Starting optimization for OP...
2024-03-16 20:22:30,972 - INFO - Optimization completed for OP. Best Parameters: None
2024-03-16 20:22:30,972 - ERROR - Invalid best parameters from optimization.
2024-03-16 20:22:31,833 - INFO - Data for AAVE after dropping NaNs:
                       Open    High     Low   Close  Volume
Timestamp                                                  
2024-02-28 07:35:00  107.04  107.54  106.78  107.04  706.87
2024-02-28 07:40:00  107.05  107.08  106.82  107.08   53.95
2024-02-28 07:45:00  107.10  107.56  106.77  106.86  398.63
2024-02-28 07:50:00  106.75  107.37  106.75  107.36   16.61
2024-02-28 07:55:00  107.29  107.31  107.00  107.04  361.62
...                     ...     ...     ...     ...     ...
2024-03-16 20:25:00  118.34  119.13  118.34  119.07    0.93
2024-03-16 20:30:00  119.35  119.88  119.17  119.88    1.21
2024-03-16 20:35:00  119.95  120.29  119.95  120.29    2.79
2024-03-16 20:40:00  120.16  120.49  119.77  120.49    1.57
2024-03-16 20:45:00  120.64  120.64  120.64  120.64   17.09

[5055 rows x 5 columns]
2024-03-16 20:22:31,833 - INFO - Starting optimization for AAVE...
2024-03-16 20:25:24,560 - INFO - Data for PENDLE after dropping NaNs:
                       Open    High     Low   Close   Volume
Timestamp                                                   
2024-02-27 15:35:00  2.8565  2.8594  2.8537  2.8575   1959.0
2024-02-27 15:40:00  2.8514  2.8538  2.8449  2.8454   1397.0
2024-02-27 15:45:00  2.8458  2.8478  2.8388  2.8390    343.0
2024-02-27 15:50:00  2.8364  2.8411  2.8185  2.8185  22036.0
2024-02-27 15:55:00  2.8185  2.8246  2.8143  2.8199    317.0
...                     ...     ...     ...     ...      ...
2024-03-16 20:25:00  2.4659  2.4860  2.4659  2.4860    666.0
2024-03-16 20:30:00  2.5004  2.5156  2.5004  2.5156    145.0
2024-03-16 20:35:00  2.5311  2.5311  2.5279  2.5279     14.0
2024-03-16 20:40:00  2.5249  2.5297  2.5118  2.5277     75.0
2024-03-16 20:45:00  2.5387  2.5387  2.5351  2.5385     30.0

[5247 rows x 5 columns]
2024-03-16 20:25:24,560 - INFO - Starting optimization for PENDLE...
2024-03-16 20:51:02,208 - INFO - Optimization completed for PENDLE. Best Parameters: None
2024-03-16 20:51:02,209 - ERROR - Invalid best parameters from optimization.
2024-03-16 20:57:54,556 - INFO - Data for TIA after dropping NaNs:
                       Open    High     Low   Close  Volume
Timestamp                                                  
2024-02-27 14:10:00  17.321  17.349  17.303  17.312  5209.5
2024-02-27 14:15:00  17.313  17.319  17.271  17.275  1658.6
2024-02-27 14:20:00  17.274  17.274  17.219  17.230  1565.2
2024-02-27 14:25:00  17.237  17.247  17.123  17.169  6826.2
2024-02-27 14:30:00  17.173  17.233  17.173  17.233  2685.1
...                     ...     ...     ...     ...     ...
2024-03-16 20:25:00  13.458  13.610  13.434  13.605  5236.9
2024-03-16 20:30:00  13.622  13.762  13.622  13.726  3621.8
2024-03-16 20:35:00  13.746  13.791  13.716  13.766  7438.7
2024-03-16 20:40:00  13.742  13.817  13.697  13.781  1185.1
2024-03-16 20:45:00  13.771  13.901  13.762  13.901  2663.0

[5264 rows x 5 columns]
2024-03-16 20:57:54,556 - INFO - Starting optimization for TIA...
2024-03-16 21:24:59,986 - INFO - Optimization completed for TIA. Best Parameters: None
2024-03-16 21:24:59,986 - ERROR - Invalid best parameters from optimization.
2024-03-22 22:04:35,036 - INFO - Data for AAVE after dropping NaNs:
                       Open    High     Low   Close  Volume
Timestamp                                                  
2024-02-28 07:35:00  107.04  107.54  106.78  107.04  706.87
2024-02-28 07:40:00  107.05  107.08  106.82  107.08   53.95
2024-02-28 07:45:00  107.10  107.56  106.77  106.86  398.63
2024-02-28 07:50:00  106.75  107.37  106.75  107.36   16.61
2024-02-28 07:55:00  107.29  107.31  107.00  107.04  361.62
...                     ...     ...     ...     ...     ...
2024-03-16 20:25:00  118.34  119.13  118.34  119.07    0.93
2024-03-16 20:30:00  119.35  119.88  119.17  119.88    1.21
2024-03-16 20:35:00  119.95  120.29  119.95  120.29    2.79
2024-03-16 20:40:00  120.16  120.49  119.77  120.49    1.57
2024-03-16 20:45:00  120.64  120.64  120.64  120.64   17.09

[5055 rows x 5 columns]
2024-03-22 22:04:35,036 - INFO - Starting optimization for AAVE...
2024-03-22 22:30:02,573 - INFO - Optimization completed for AAVE. Best Parameters: None
2024-03-22 22:30:02,573 - ERROR - Invalid best parameters from optimization.
2024-03-22 22:43:15,953 - INFO - Data for ALT after dropping NaNs:
                        Open     High      Low    Close   Volume
Timestamp                                                       
2024-02-27 23:00:00  0.52224  0.52354  0.52164  0.52210  33671.0
2024-02-27 23:05:00  0.52355  0.52437  0.52294  0.52294  45867.0
2024-02-27 23:10:00  0.52329  0.52339  0.52266  0.52274  17426.0
2024-02-27 23:15:00  0.52281  0.52505  0.52250  0.52450  42776.0
2024-02-27 23:20:00  0.52459  0.52540  0.52400  0.52428  14869.0
...                      ...      ...      ...      ...      ...
2024-03-16 20:25:00  0.48122  0.48468  0.47962  0.48468  22108.0
2024-03-16 20:30:00  0.48443  0.49499  0.48443  0.49449   3979.0
2024-03-16 20:35:00  0.49619  0.50017  0.49582  0.50017    388.0
2024-03-16 20:40:00  0.50071  0.50250  0.49698  0.50250   1208.0
2024-03-16 20:45:00  0.50402  0.50780  0.50402  0.50780    241.0

[5158 rows x 5 columns]
2024-03-22 22:43:15,953 - INFO - Starting optimization for ALT...
2024-03-22 23:08:46,210 - INFO - Optimization completed for ALT. Best Parameters: None
2024-03-22 23:08:46,226 - ERROR - Invalid best parameters from optimization.
2024-03-22 23:21:34,963 - INFO - Data for AR after dropping NaNs:
                       Open    High     Low   Close  Volume
Timestamp                                                  
2024-02-24 17:20:00  13.468  13.503  13.434  13.452    0.00
2024-02-24 17:25:00  13.450  13.509  13.447  13.504    0.00
2024-02-24 17:30:00  13.506  13.561  13.478  13.480    0.00
2024-02-24 17:35:00  13.480  13.554  13.446  13.545    0.00
2024-02-24 17:40:00  13.548  13.574  13.530  13.560    0.00
...                     ...     ...     ...     ...     ...
2024-03-17 03:10:00  35.901  36.013  35.900  35.900  670.64
2024-03-17 03:15:00  35.804  36.079  35.754  36.079  351.25
2024-03-17 03:20:00  36.028  36.028  35.636  35.637  307.98
2024-03-17 03:25:00  35.785  35.823  35.587  35.657  226.79
2024-03-17 03:30:00  35.669  35.669  35.630  35.630    1.18

[6171 rows x 5 columns]
2024-03-22 23:21:34,963 - INFO - Starting optimization for AR...
2024-03-22 23:51:42,140 - INFO - Optimization completed for AR. Best Parameters: None
2024-03-22 23:51:42,140 - ERROR - Invalid best parameters from optimization.
2024-03-23 09:25:26,409 - INFO - Data for AAVE after dropping NaNs:
                       Open    High     Low   Close  Volume
Timestamp                                                  
2024-02-28 07:35:00  107.04  107.54  106.78  107.04  706.87
2024-02-28 07:40:00  107.05  107.08  106.82  107.08   53.95
2024-02-28 07:45:00  107.10  107.56  106.77  106.86  398.63
2024-02-28 07:50:00  106.75  107.37  106.75  107.36   16.61
2024-02-28 07:55:00  107.29  107.31  107.00  107.04  361.62
...                     ...     ...     ...     ...     ...
2024-03-16 20:25:00  118.34  119.13  118.34  119.07    0.93
2024-03-16 20:30:00  119.35  119.88  119.17  119.88    1.21
2024-03-16 20:35:00  119.95  120.29  119.95  120.29    2.79
2024-03-16 20:40:00  120.16  120.49  119.77  120.49    1.57
2024-03-16 20:45:00  120.64  120.64  120.64  120.64   17.09

[5055 rows x 5 columns]
2024-03-23 09:25:26,409 - INFO - Starting optimization for AAVE...
2024-03-23 09:50:31,350 - INFO - Optimization completed for AAVE. Best Parameters: None
2024-03-23 09:50:31,350 - ERROR - Invalid best parameters from optimization.
2024-03-23 10:03:15,270 - INFO - Data for ALT after dropping NaNs:
                        Open     High      Low    Close   Volume
Timestamp                                                       
2024-02-27 23:00:00  0.52224  0.52354  0.52164  0.52210  33671.0
2024-02-27 23:05:00  0.52355  0.52437  0.52294  0.52294  45867.0
2024-02-27 23:10:00  0.52329  0.52339  0.52266  0.52274  17426.0
2024-02-27 23:15:00  0.52281  0.52505  0.52250  0.52450  42776.0
2024-02-27 23:20:00  0.52459  0.52540  0.52400  0.52428  14869.0
...                      ...      ...      ...      ...      ...
2024-03-16 20:25:00  0.48122  0.48468  0.47962  0.48468  22108.0
2024-03-16 20:30:00  0.48443  0.49499  0.48443  0.49449   3979.0
2024-03-16 20:35:00  0.49619  0.50017  0.49582  0.50017    388.0
2024-03-16 20:40:00  0.50071  0.50250  0.49698  0.50250   1208.0
2024-03-16 20:45:00  0.50402  0.50780  0.50402  0.50780    241.0

[5158 rows x 5 columns]
2024-03-23 10:03:15,271 - INFO - Starting optimization for ALT...
2024-03-23 10:28:45,983 - INFO - Optimization completed for ALT. Best Parameters: None
2024-03-23 10:28:45,984 - ERROR - Invalid best parameters from optimization.
2024-03-23 10:41:02,975 - INFO - Data for AR after dropping NaNs:
                       Open    High     Low   Close  Volume
Timestamp                                                  
2024-02-24 17:20:00  13.468  13.503  13.434  13.452    0.00
2024-02-24 17:25:00  13.450  13.509  13.447  13.504    0.00
2024-02-24 17:30:00  13.506  13.561  13.478  13.480    0.00
2024-02-24 17:35:00  13.480  13.554  13.446  13.545    0.00
2024-02-24 17:40:00  13.548  13.574  13.530  13.560    0.00
...                     ...     ...     ...     ...     ...
2024-03-17 03:10:00  35.901  36.013  35.900  35.900  670.64
2024-03-17 03:15:00  35.804  36.079  35.754  36.079  351.25
2024-03-17 03:20:00  36.028  36.028  35.636  35.637  307.98
2024-03-17 03:25:00  35.785  35.823  35.587  35.657  226.79
2024-03-17 03:30:00  35.669  35.669  35.630  35.630    1.18

[6171 rows x 5 columns]
2024-03-23 10:41:02,975 - INFO - Starting optimization for AR...
2024-03-23 11:11:15,850 - INFO - Optimization completed for AR. Best Parameters: None
2024-03-23 11:11:15,850 - ERROR - Invalid best parameters from optimization.
2024-03-23 17:04:13,001 - INFO - Data for AAVE after dropping NaNs:
                       Open    High     Low   Close  Volume
Timestamp                                                  
2024-02-28 07:35:00  107.04  107.54  106.78  107.04  706.87
2024-02-28 07:40:00  107.05  107.08  106.82  107.08   53.95
2024-02-28 07:45:00  107.10  107.56  106.77  106.86  398.63
2024-02-28 07:50:00  106.75  107.37  106.75  107.36   16.61
2024-02-28 07:55:00  107.29  107.31  107.00  107.04  361.62
...                     ...     ...     ...     ...     ...
2024-03-16 20:25:00  118.34  119.13  118.34  119.07    0.93
2024-03-16 20:30:00  119.35  119.88  119.17  119.88    1.21
2024-03-16 20:35:00  119.95  120.29  119.95  120.29    2.79
2024-03-16 20:40:00  120.16  120.49  119.77  120.49    1.57
2024-03-16 20:45:00  120.64  120.64  120.64  120.64   17.09

[5055 rows x 5 columns]
2024-03-23 17:04:13,001 - INFO - Starting optimization for AAVE...
2024-03-23 17:49:15,556 - INFO - Data for AAVE after dropping NaNs:
                       Open    High     Low   Close  Volume
Timestamp                                                  
2024-02-28 07:35:00  107.04  107.54  106.78  107.04  706.87
2024-02-28 07:40:00  107.05  107.08  106.82  107.08   53.95
2024-02-28 07:45:00  107.10  107.56  106.77  106.86  398.63
2024-02-28 07:50:00  106.75  107.37  106.75  107.36   16.61
2024-02-28 07:55:00  107.29  107.31  107.00  107.04  361.62
...                     ...     ...     ...     ...     ...
2024-03-16 20:25:00  118.34  119.13  118.34  119.07    0.93
2024-03-16 20:30:00  119.35  119.88  119.17  119.88    1.21
2024-03-16 20:35:00  119.95  120.29  119.95  120.29    2.79
2024-03-16 20:40:00  120.16  120.49  119.77  120.49    1.57
2024-03-16 20:45:00  120.64  120.64  120.64  120.64   17.09

[5055 rows x 5 columns]
2024-03-23 17:49:15,556 - INFO - Starting optimization for AAVE...
2024-03-23 17:49:59,034 - INFO - Data for AAVE after dropping NaNs:
                       Open    High     Low   Close  Volume
Timestamp                                                  
2024-02-28 07:35:00  107.04  107.54  106.78  107.04  706.87
2024-02-28 07:40:00  107.05  107.08  106.82  107.08   53.95
2024-02-28 07:45:00  107.10  107.56  106.77  106.86  398.63
2024-02-28 07:50:00  106.75  107.37  106.75  107.36   16.61
2024-02-28 07:55:00  107.29  107.31  107.00  107.04  361.62
...                     ...     ...     ...     ...     ...
2024-03-16 20:25:00  118.34  119.13  118.34  119.07    0.93
2024-03-16 20:30:00  119.35  119.88  119.17  119.88    1.21
2024-03-16 20:35:00  119.95  120.29  119.95  120.29    2.79
2024-03-16 20:40:00  120.16  120.49  119.77  120.49    1.57
2024-03-16 20:45:00  120.64  120.64  120.64  120.64   17.09

[5055 rows x 5 columns]
2024-03-23 17:49:59,034 - INFO - Starting optimization for AAVE...
2024-03-23 19:51:30,995 - INFO - Data for ALT after dropping NaNs:
                        Open     High      Low    Close   Volume
Timestamp                                                       
2024-02-27 23:00:00  0.52224  0.52354  0.52164  0.52210  33671.0
2024-02-27 23:05:00  0.52355  0.52437  0.52294  0.52294  45867.0
2024-02-27 23:10:00  0.52329  0.52339  0.52266  0.52274  17426.0
2024-02-27 23:15:00  0.52281  0.52505  0.52250  0.52450  42776.0
2024-02-27 23:20:00  0.52459  0.52540  0.52400  0.52428  14869.0
...                      ...      ...      ...      ...      ...
2024-03-16 20:25:00  0.48122  0.48468  0.47962  0.48468  22108.0
2024-03-16 20:30:00  0.48443  0.49499  0.48443  0.49449   3979.0
2024-03-16 20:35:00  0.49619  0.50017  0.49582  0.50017    388.0
2024-03-16 20:40:00  0.50071  0.50250  0.49698  0.50250   1208.0
2024-03-16 20:45:00  0.50402  0.50780  0.50402  0.50780    241.0

[5158 rows x 5 columns]
2024-03-23 19:51:30,995 - INFO - Starting optimization for ALT...
2024-03-23 22:08:31,553 - INFO - Data for ALT after dropping NaNs:
                        Open     High      Low    Close   Volume
Timestamp                                                       
2024-02-27 23:00:00  0.52224  0.52354  0.52164  0.52210  33671.0
2024-02-27 23:05:00  0.52355  0.52437  0.52294  0.52294  45867.0
2024-02-27 23:10:00  0.52329  0.52339  0.52266  0.52274  17426.0
2024-02-27 23:15:00  0.52281  0.52505  0.52250  0.52450  42776.0
2024-02-27 23:20:00  0.52459  0.52540  0.52400  0.52428  14869.0
...                      ...      ...      ...      ...      ...
2024-03-16 20:25:00  0.48122  0.48468  0.47962  0.48468  22108.0
2024-03-16 20:30:00  0.48443  0.49499  0.48443  0.49449   3979.0
2024-03-16 20:35:00  0.49619  0.50017  0.49582  0.50017    388.0
2024-03-16 20:40:00  0.50071  0.50250  0.49698  0.50250   1208.0
2024-03-16 20:45:00  0.50402  0.50780  0.50402  0.50780    241.0

[5158 rows x 5 columns]
2024-03-23 22:08:31,554 - INFO - Starting optimization for ALT...
2024-03-24 00:34:22,184 - INFO - Optimization completed for ALT. Best Parameters: None
2024-03-24 00:34:22,184 - ERROR - Invalid best parameters from optimization.
2024-03-24 00:34:27,384 - INFO - Data for AR after dropping NaNs:
                       Open    High     Low   Close  Volume
Timestamp                                                  
2024-02-24 17:20:00  13.468  13.503  13.434  13.452    0.00
2024-02-24 17:25:00  13.450  13.509  13.447  13.504    0.00
2024-02-24 17:30:00  13.506  13.561  13.478  13.480    0.00
2024-02-24 17:35:00  13.480  13.554  13.446  13.545    0.00
2024-02-24 17:40:00  13.548  13.574  13.530  13.560    0.00
...                     ...     ...     ...     ...     ...
2024-03-17 03:10:00  35.901  36.013  35.900  35.900  670.64
2024-03-17 03:15:00  35.804  36.079  35.754  36.079  351.25
2024-03-17 03:20:00  36.028  36.028  35.636  35.637  307.98
2024-03-17 03:25:00  35.785  35.823  35.587  35.657  226.79
2024-03-17 03:30:00  35.669  35.669  35.630  35.630    1.18

[6171 rows x 5 columns]
2024-03-24 00:34:27,384 - INFO - Starting optimization for AR...
2024-03-24 03:31:54,764 - INFO - Optimization completed for AR. Best Parameters: None
2024-03-24 03:31:54,765 - ERROR - Invalid best parameters from optimization.
2024-03-24 03:32:11,110 - INFO - Data for ARB after dropping NaNs:
                       Open    High     Low   Close    Volume
Timestamp                                                    
2024-02-28 04:05:00  1.8606  1.8656  1.8606  1.8640   41974.0
2024-02-28 04:10:00  1.8645  1.8667  1.8645  1.8660      58.8
2024-02-28 04:15:00  1.8676  1.8689  1.8660  1.8682    5752.0
2024-02-28 04:20:00  1.8692  1.8775  1.8690  1.8775  104723.0
2024-02-28 04:25:00  1.8771  1.8771  1.8743  1.8760   16617.0
...                     ...     ...     ...     ...       ...
2024-03-16 20:25:00  1.7335  1.7507  1.7335  1.7479   80390.3
2024-03-16 20:30:00  1.7473  1.7654  1.7473  1.7620   47384.6
2024-03-16 20:35:00  1.7629  1.7679  1.7602  1.7625   67323.9
2024-03-16 20:40:00  1.7621  1.7659  1.7549  1.7656    6744.6
2024-03-16 20:45:00  1.7647  1.7680  1.7646  1.7675    1299.4

[5097 rows x 5 columns]
2024-03-24 03:32:11,110 - INFO - Starting optimization for ARB...
2024-03-24 05:52:13,145 - INFO - Optimization completed for ARB. Best Parameters: None
2024-03-24 05:52:13,145 - ERROR - Invalid best parameters from optimization.
2024-03-24 05:52:25,337 - INFO - Data for BLUR after dropping NaNs:
                        Open     High      Low    Close    Volume
Timestamp                                                        
2024-02-27 13:55:00  0.74066  0.74138  0.73986  0.74138  113740.0
2024-02-27 14:00:00  0.74132  0.74171  0.73659  0.73701   80699.0
2024-02-27 14:05:00  0.73717  0.73895  0.73717  0.73792   54181.0
2024-02-27 14:10:00  0.73766  0.73951  0.73763  0.73767   53772.0
2024-02-27 14:15:00  0.73857  0.73877  0.73624  0.73642   50695.0
...                      ...      ...      ...      ...       ...
2024-03-16 20:25:00  0.59594  0.60231  0.59594  0.60231  252537.0
2024-03-16 20:30:00  0.60190  0.60644  0.60190  0.60623   27346.0
2024-03-16 20:35:00  0.60733  0.60820  0.60632  0.60674   14894.0
2024-03-16 20:40:00  0.60603  0.60805  0.60517  0.60801    3225.0
2024-03-16 20:45:00  0.60739  0.61094  0.60739  0.61094  105570.0

[5267 rows x 5 columns]
2024-03-24 05:52:25,337 - INFO - Starting optimization for BLUR...
2024-03-24 08:17:31,717 - INFO - Optimization completed for BLUR. Best Parameters: None
2024-03-24 08:17:31,717 - ERROR - Invalid best parameters from optimization.
2024-03-24 08:17:33,836 - INFO - Data for BNB after dropping NaNs:
                       Open    High     Low   Close   Volume
Timestamp                                                   
2024-02-28 03:15:00  396.17  396.21  395.54  396.00    2.557
2024-02-28 03:20:00  396.12  396.25  395.80  395.80    1.597
2024-02-28 03:25:00  395.81  396.26  395.81  396.26    0.135
2024-02-28 03:30:00  396.32  396.45  395.55  395.70    0.386
2024-02-28 03:35:00  395.49  395.51  395.22  395.51    0.698
...                     ...     ...     ...     ...      ...
2024-03-16 20:25:00  583.45  587.24  583.45  586.23  110.005
2024-03-16 20:30:00  586.95  589.72  586.95  589.63  619.745
2024-03-16 20:35:00  589.82  591.15  588.86  589.95   26.286
2024-03-16 20:40:00  589.48  590.55  587.58  590.55   91.531
2024-03-16 20:45:00  589.70  590.84  589.70  590.77   47.147

[5107 rows x 5 columns]
2024-03-24 08:17:33,836 - INFO - Starting optimization for BNB...
2024-03-24 10:41:12,572 - INFO - Optimization completed for BNB. Best Parameters: None
2024-03-24 10:41:12,572 - ERROR - Invalid best parameters from optimization.
2024-03-24 10:41:27,482 - INFO - Data for BTC after dropping NaNs:
                        Open     High      Low    Close    Volume
Timestamp                                                        
2024-02-28 01:50:00  56891.0  56934.0  56876.0  56908.0  15.51915
2024-02-28 01:55:00  56908.0  56908.0  56839.0  56842.0   9.50853
2024-02-28 02:00:00  56843.0  56875.0  56799.0  56805.0  11.40709
2024-02-28 02:05:00  56805.0  56867.0  56762.0  56843.0  11.05731
2024-02-28 02:10:00  56843.0  56873.0  56798.0  56868.0  26.32842
...                      ...      ...      ...      ...       ...
2024-03-16 20:25:00  66861.0  67255.0  66861.0  67131.0  50.02747
2024-03-16 20:30:00  67113.0  67345.0  67113.0  67329.0  12.12303
2024-03-16 20:35:00  67330.0  67531.0  67330.0  67403.0  22.63568
2024-03-16 20:40:00  67403.0  67534.0  67267.0  67507.0  14.14947
2024-03-16 20:45:00  67480.0  67582.0  67460.0  67582.0  10.57839

[5124 rows x 5 columns]
2024-03-24 10:41:27,482 - INFO - Starting optimization for BTC...
2024-03-24 13:04:22,032 - INFO - Optimization completed for BTC. Best Parameters: None
2024-03-24 13:04:22,034 - ERROR - Invalid best parameters from optimization.
2024-03-24 13:05:16,349 - ERROR - Error occurred: [Errno 2] No such file or directory: 'DODGE.csv', Type: FileNotFoundError
2024-03-24 13:05:16,725 - INFO - Data for ETH after dropping NaNs:
                       Open    High     Low   Close    Volume
Timestamp                                                    
2024-02-28 02:00:00  3239.2  3242.3  3238.0  3238.0  279.5626
2024-02-28 02:05:00  3238.0  3239.9  3233.9  3237.0  321.4767
2024-02-28 02:10:00  3237.1  3239.9  3236.4  3239.9   42.6925
2024-02-28 02:15:00  3239.9  3242.7  3238.2  3242.7  246.8764
2024-02-28 02:20:00  3242.5  3245.9  3242.5  3245.6  273.1013
...                     ...     ...     ...     ...       ...
2024-03-16 20:25:00  3588.7  3618.8  3588.7  3613.2  515.8086
2024-03-16 20:30:00  3612.2  3626.2  3612.2  3624.4  262.5737
2024-03-16 20:35:00  3624.5  3635.3  3624.5  3626.1  258.8641
2024-03-16 20:40:00  3626.1  3632.2  3613.4  3630.6  255.2796
2024-03-16 20:45:00  3630.6  3637.4  3628.1  3637.4   56.5970

[5122 rows x 5 columns]
2024-03-24 13:05:16,725 - INFO - Starting optimization for ETH...
