2024-03-02 12:29:30,514 - INFO - Data for BTC after dropping NaNs:
                        Open     High      Low    Close    Volume
Timestamp                                                        
2024-02-14 00:25:00  49558.0  49574.0  49514.0  49574.0  11.67426
2024-02-14 00:30:00  49575.0  49578.0  49489.0  49489.0   7.07364
2024-02-14 00:35:00  49494.0  49495.0  49415.0  49464.0  72.31940
2024-02-14 00:40:00  49462.0  49466.0  49396.0  49466.0  12.05886
2024-02-14 00:45:00  49467.0  49518.0  49416.0  49518.0  11.78080
...                      ...      ...      ...      ...       ...
2024-03-02 19:05:00  62073.0  62096.0  62055.0  62088.0   5.46533
2024-03-02 19:10:00  62088.0  62122.0  62044.0  62047.0   5.31776
2024-03-02 19:15:00  62048.0  62137.0  62046.0  62137.0  22.86793
2024-03-02 19:20:00  62134.0  62134.0  62092.0  62104.0   7.82131
2024-03-02 19:25:00  62111.0  62151.0  62111.0  62126.0   4.76209

[5125 rows x 5 columns]
2024-03-02 12:29:30,514 - INFO - Starting optimization for BTC...
2024-03-02 12:54:51,401 - INFO - Data for ETH after dropping NaNs:
                       Open    High     Low   Close    Volume
Timestamp                                                    
2024-02-14 00:40:00  2628.5  2629.2  2625.4  2629.2  374.2607
2024-02-14 00:45:00  2629.1  2632.6  2626.3  2631.8  503.9982
2024-02-14 00:50:00  2631.7  2636.1  2631.7  2633.1  274.1365
2024-02-14 00:55:00  2633.1  2634.0  2631.8  2632.7  274.3276
2024-02-14 01:00:00  2632.7  2633.2  2628.9  2632.5  187.6874
...                     ...     ...     ...     ...       ...
2024-03-02 19:30:00  3430.1  3431.6  3427.8  3427.9   76.6182
2024-03-02 19:35:00  3427.8  3433.2  3427.4  3431.4   68.4526
2024-03-02 19:40:00  3430.8  3432.7  3429.4  3429.4   64.5527
2024-03-02 19:45:00  3429.5  3431.3  3427.5  3431.0   86.2587
2024-03-02 19:50:00  3430.9  3431.9  3430.6  3430.7   60.1124

[5127 rows x 5 columns]
2024-03-02 12:54:51,401 - INFO - Starting optimization for ETH...
2024-03-02 13:20:45,260 - INFO - Optimization completed for ETH. Best Parameters: None
2024-03-02 13:20:45,260 - ERROR - Invalid best parameters from optimization.
2024-03-02 14:15:05,163 - INFO - Data for AAVE after dropping NaNs:
                        Open     High      Low    Close  Volume
Timestamp                                                      
2024-02-14 06:05:00   90.030   90.030   89.892   89.968    2.73
2024-02-14 06:10:00   90.008   90.102   89.980   90.003    1.58
2024-02-14 06:15:00   90.001   90.112   90.001   90.055    2.65
2024-02-14 06:20:00   90.066   90.091   90.044   90.091    2.47
2024-02-14 06:25:00   90.043   90.090   90.043   90.056    0.90
...                      ...      ...      ...      ...     ...
2024-03-02 20:50:00  116.880  117.070  116.790  117.070    1.51
2024-03-02 20:55:00  116.970  117.670  116.970  117.670   13.73
2024-03-02 21:00:00  117.430  117.490  117.330  117.460    1.53
2024-03-02 21:05:00  117.550  117.550  117.400  117.400    9.87
2024-03-02 21:10:00  117.350  117.570  117.350  117.560    0.63

[5078 rows x 5 columns]
2024-03-02 14:15:05,163 - INFO - Starting optimization for AAVE...
2024-03-02 14:41:13,589 - INFO - Optimization completed for AAVE. Best Parameters: None
2024-03-02 14:41:13,589 - ERROR - Invalid best parameters from optimization.
2024-03-02 15:33:48,071 - INFO - Data for ALT after dropping NaNs:
                        Open     High      Low    Close    Volume
Timestamp                                                        
2024-02-13 22:10:00  0.34968  0.34968  0.34893  0.34960    8002.0
2024-02-13 22:15:00  0.34950  0.34950  0.34599  0.34620  144071.0
2024-02-13 22:20:00  0.34652  0.34652  0.34555  0.34556   30302.0
2024-02-13 22:25:00  0.34573  0.34624  0.34573  0.34581   50459.0
2024-02-13 22:30:00  0.34548  0.34667  0.34548  0.34648    3389.0
...                      ...      ...      ...      ...       ...
2024-03-02 22:10:00  0.50177  0.50312  0.50137  0.50312    9908.0
2024-03-02 22:15:00  0.50361  0.50361  0.50227  0.50311    6891.0
2024-03-02 22:20:00  0.50276  0.50276  0.49969  0.50008     342.0
2024-03-02 22:25:00  0.50028  0.50123  0.50010  0.50064   16292.0
2024-03-02 22:30:00  0.50085  0.50089  0.49985  0.50064   15614.0

[5189 rows x 5 columns]
2024-03-02 15:33:48,071 - INFO - Starting optimization for ALT...
2024-03-02 16:00:25,298 - INFO - Optimization completed for ALT. Best Parameters: None
2024-03-02 16:00:25,298 - ERROR - Invalid best parameters from optimization.
2024-03-02 18:40:49,421 - INFO - Data for ALT after dropping NaNs:
                        Open     High      Low    Close    Volume
Timestamp                                                        
2024-02-13 22:10:00  0.34968  0.34968  0.34893  0.34960    8002.0
2024-02-13 22:15:00  0.34950  0.34950  0.34599  0.34620  144071.0
2024-02-13 22:20:00  0.34652  0.34652  0.34555  0.34556   30302.0
2024-02-13 22:25:00  0.34573  0.34624  0.34573  0.34581   50459.0
2024-02-13 22:30:00  0.34548  0.34667  0.34548  0.34648    3389.0
...                      ...      ...      ...      ...       ...
2024-03-02 22:10:00  0.50177  0.50312  0.50137  0.50312    9908.0
2024-03-02 22:15:00  0.50361  0.50361  0.50227  0.50311    6891.0
2024-03-02 22:20:00  0.50276  0.50276  0.49969  0.50008     342.0
2024-03-02 22:25:00  0.50028  0.50123  0.50010  0.50064   16292.0
2024-03-02 22:30:00  0.50085  0.50089  0.49985  0.50064   15614.0

[5189 rows x 5 columns]
2024-03-02 18:40:49,421 - INFO - Starting optimization for ALT...
2024-03-02 19:07:12,428 - INFO - Optimization completed for ALT. Best Parameters: None
2024-03-02 19:07:12,428 - ERROR - Invalid best parameters from optimization.
2024-03-02 23:00:52,986 - INFO - Data for ARB after dropping NaNs:
                       Open    High     Low   Close   Volume
Timestamp                                                   
2024-02-14 02:40:00  2.0170  2.0198  2.0170  2.0198   1139.3
2024-02-14 02:45:00  2.0219  2.0251  2.0219  2.0251   7450.2
2024-02-14 02:50:00  2.0256  2.0256  2.0229  2.0238   1484.8
2024-02-14 02:55:00  2.0239  2.0247  2.0205  2.0231    954.4
2024-02-14 03:00:00  2.0226  2.0259  2.0226  2.0257   2478.7
...                     ...     ...     ...     ...      ...
2024-03-03 05:35:00  2.1739  2.1740  2.1553  2.1584  31148.4
2024-03-03 05:40:00  2.1585  2.1628  2.1531  2.1550  26817.4
2024-03-03 05:45:00  2.1570  2.1583  2.1528  2.1544  76842.0
2024-03-03 05:50:00  2.1529  2.1529  2.1468  2.1468  39243.1
2024-03-03 05:55:00  2.1454  2.1468  2.1453  2.1468   6150.5

[5224 rows x 5 columns]
2024-03-02 23:00:52,986 - INFO - Starting optimization for ARB...
2024-03-02 23:34:53,944 - INFO - Data for ARB after dropping NaNs:
                       Open    High     Low   Close   Volume
Timestamp                                                   
2024-02-14 02:40:00  2.0170  2.0198  2.0170  2.0198   1139.3
2024-02-14 02:45:00  2.0219  2.0251  2.0219  2.0251   7450.2
2024-02-14 02:50:00  2.0256  2.0256  2.0229  2.0238   1484.8
2024-02-14 02:55:00  2.0239  2.0247  2.0205  2.0231    954.4
2024-02-14 03:00:00  2.0226  2.0259  2.0226  2.0257   2478.7
...                     ...     ...     ...     ...      ...
2024-03-03 05:35:00  2.1739  2.1740  2.1553  2.1584  31148.4
2024-03-03 05:40:00  2.1585  2.1628  2.1531  2.1550  26817.4
2024-03-03 05:45:00  2.1570  2.1583  2.1528  2.1544  76842.0
2024-03-03 05:50:00  2.1529  2.1529  2.1468  2.1468  39243.1
2024-03-03 05:55:00  2.1454  2.1468  2.1453  2.1468   6150.5

[5224 rows x 5 columns]
2024-03-02 23:34:53,945 - INFO - Starting optimization for ARB...
2024-03-03 00:00:27,603 - INFO - Optimization completed for ARB. Best Parameters: None
2024-03-03 00:00:27,603 - ERROR - Invalid best parameters from optimization.
2024-03-03 01:02:40,933 - INFO - Data for AAVE after dropping NaNs:
                        Open     High      Low    Close  Volume
Timestamp                                                      
2024-02-14 06:05:00   90.030   90.030   89.892   89.968    2.73
2024-02-14 06:10:00   90.008   90.102   89.980   90.003    1.58
2024-02-14 06:15:00   90.001   90.112   90.001   90.055    2.65
2024-02-14 06:20:00   90.066   90.091   90.044   90.091    2.47
2024-02-14 06:25:00   90.043   90.090   90.043   90.056    0.90
...                      ...      ...      ...      ...     ...
2024-03-03 07:35:00  110.340  110.970  110.340  110.710  101.47
2024-03-03 07:40:00  110.940  111.210  110.130  110.400  115.79
2024-03-03 07:45:00  111.110  111.460  111.110  111.320   29.72
2024-03-03 07:50:00  111.320  111.390  111.270  111.310   19.19
2024-03-03 07:55:00  111.510  111.700  111.510  111.700    5.74

[5207 rows x 5 columns]
2024-03-03 01:02:40,933 - INFO - Starting optimization for AAVE...
2024-03-03 01:04:01,236 - INFO - Data for BLUR after dropping NaNs:
                        Open     High      Low    Close    Volume
Timestamp                                                        
2024-02-14 12:50:00  0.74782  0.74894  0.74568  0.74894  115122.0
2024-02-14 12:55:00  0.74838  0.74838  0.74459  0.74538   11186.0
2024-02-14 13:00:00  0.74500  0.74645  0.74422  0.74541   32888.0
2024-02-14 13:05:00  0.74505  0.74777  0.74493  0.74719   49173.0
2024-02-14 13:10:00  0.74695  0.74829  0.74504  0.74734   11311.0
...                      ...      ...      ...      ...       ...
2024-03-03 07:35:00  0.70471  0.70867  0.70471  0.70694   17136.0
2024-03-03 07:40:00  0.70768  0.71000  0.70242  0.70753   49090.0
2024-03-03 07:45:00  0.70897  0.71300  0.70897  0.71300   68967.0
2024-03-03 07:50:00  0.71346  0.71519  0.71214  0.71519   49191.0
2024-03-03 07:55:00  0.71523  0.71716  0.71514  0.71667   19788.0

[5126 rows x 5 columns]
2024-03-03 01:04:01,236 - INFO - Starting optimization for BLUR...
2024-03-03 01:28:33,224 - INFO - Optimization completed for BLUR. Best Parameters: None
2024-03-03 01:28:33,224 - ERROR - Invalid best parameters from optimization.
2024-03-03 01:28:35,431 - INFO - Data for BNB after dropping NaNs:
                       Open    High     Low   Close   Volume
Timestamp                                                   
2024-02-14 01:50:00  324.55  324.59  324.52  324.59    1.794
2024-02-14 01:55:00  324.49  324.59  324.49  324.59    0.398
2024-02-14 02:00:00  324.66  324.75  324.48  324.75   36.631
2024-02-14 02:05:00  324.58  324.83  324.55  324.55    9.125
2024-02-14 02:10:00  324.61  324.61  324.38  324.38    1.273
...                     ...     ...     ...     ...      ...
2024-03-03 07:35:00  406.98  407.43  406.10  407.30   40.888
2024-03-03 07:40:00  407.41  408.17  406.79  408.17  146.443
2024-03-03 07:45:00  408.26  408.26  407.77  407.94   37.609
2024-03-03 07:50:00  407.72  408.27  407.72  408.27  101.020
2024-03-03 07:55:00  408.49  408.54  408.29  408.29    0.585

[5258 rows x 5 columns]
2024-03-03 01:28:35,432 - INFO - Starting optimization for BNB...
2024-03-03 01:53:34,215 - INFO - Optimization completed for BNB. Best Parameters: None
2024-03-03 01:53:34,215 - ERROR - Invalid best parameters from optimization.
2024-03-03 01:53:38,813 - ERROR - Error occurred: [Errno 2] No such file or directory: 'DODGE.csv', Type: FileNotFoundError
2024-03-03 01:53:39,157 - INFO - Data for INJ after dropping NaNs:
                       Open    High     Low   Close  Volume
Timestamp                                                  
2024-02-14 03:05:00  34.596  34.645  34.563  34.645   283.9
2024-02-14 03:10:00  34.648  34.722  34.647  34.722   119.3
2024-02-14 03:15:00  34.731  34.813  34.725  34.783  2471.9
2024-02-14 03:20:00  34.793  34.812  34.783  34.802    31.7
2024-02-14 03:25:00  34.777  34.777  34.641  34.685  2235.7
...                     ...     ...     ...     ...     ...
2024-03-03 07:35:00  40.416  40.719  40.330  40.577  1724.9
2024-03-03 07:40:00  40.605  40.761  40.270  40.653  3934.7
2024-03-03 07:45:00  40.691  40.946  40.656  40.868   428.8
2024-03-03 07:50:00  40.878  40.896  40.746  40.775   360.8
2024-03-03 07:55:00  40.775  40.929  40.623  40.624  1372.8

[5243 rows x 5 columns]
2024-03-03 01:53:39,157 - INFO - Starting optimization for INJ...
2024-03-03 02:18:38,070 - INFO - Optimization completed for INJ. Best Parameters: None
2024-03-03 02:18:38,070 - ERROR - Invalid best parameters from optimization.
2024-03-03 02:18:40,670 - INFO - Data for JUP after dropping NaNs:
                        Open     High      Low    Close   Volume
Timestamp                                                       
2024-02-14 18:25:00  0.50629  0.50751  0.50556  0.50640  56051.0
2024-02-14 18:30:00  0.50620  0.50729  0.50580  0.50715   3026.0
2024-02-14 18:35:00  0.50742  0.50840  0.50740  0.50803  14723.0
2024-02-14 18:40:00  0.50799  0.50888  0.50785  0.50785   9331.0
2024-02-14 18:45:00  0.50803  0.51052  0.50803  0.51039  21018.0
...                      ...      ...      ...      ...      ...
2024-03-03 07:35:00  0.58141  0.58705  0.58058  0.58274  78120.0
2024-03-03 07:40:00  0.58312  0.58342  0.57632  0.58197  93952.0
2024-03-03 07:45:00  0.58121  0.58651  0.57963  0.58609  52820.0
2024-03-03 07:50:00  0.58608  0.58884  0.58481  0.58805  29455.0
2024-03-03 07:55:00  0.58893  0.59000  0.58429  0.58429  10288.0

[5059 rows x 5 columns]
2024-03-03 02:18:40,671 - INFO - Starting optimization for JUP...
2024-03-03 02:42:46,089 - INFO - Optimization completed for JUP. Best Parameters: None
2024-03-03 02:42:46,089 - ERROR - Invalid best parameters from optimization.
2024-03-03 02:42:47,437 - INFO - Data for LINK after dropping NaNs:
                       Open    High     Low   Close  Volume
Timestamp                                                  
2024-02-14 04:05:00  20.116  20.122  20.079  20.083   140.8
2024-02-14 04:10:00  20.084  20.145  20.084  20.145   436.4
2024-02-14 04:15:00  20.144  20.147  20.099  20.099   332.9
2024-02-14 04:20:00  20.098  20.099  20.069  20.074   118.1
2024-02-14 04:25:00  20.070  20.094  20.040  20.052  8380.5
...                     ...     ...     ...     ...     ...
2024-03-03 07:35:00  20.310  20.323  20.232  20.260  2048.4
2024-03-03 07:40:00  20.235  20.242  20.116  20.205  4984.9
2024-03-03 07:45:00  20.226  20.256  20.226  20.255  1600.1
2024-03-03 07:50:00  20.268  20.314  20.268  20.310  1549.0
2024-03-03 07:55:00  20.345  20.374  20.281  20.281  6604.2

[5231 rows x 5 columns]
2024-03-03 02:42:47,437 - INFO - Starting optimization for LINK...
2024-03-03 03:07:52,973 - INFO - Optimization completed for LINK. Best Parameters: None
2024-03-03 03:07:52,973 - ERROR - Invalid best parameters from optimization.
2024-03-03 03:07:58,597 - INFO - Data for MANTA after dropping NaNs:
                       Open    High     Low   Close   Volume
Timestamp                                                   
2024-02-14 21:05:00  3.0608  3.0621  3.0519  3.0608  16535.3
2024-02-14 21:10:00  3.0523  3.0661  3.0468  3.0607   3760.5
2024-02-14 21:15:00  3.0597  3.0768  3.0528  3.0742   5157.1
2024-02-14 21:20:00  3.0708  3.0776  3.0664  3.0733   8416.4
2024-02-14 21:25:00  3.0756  3.0841  3.0704  3.0718  16111.6
...                     ...     ...     ...     ...      ...
2024-03-03 07:35:00  2.8211  2.8510  2.8187  2.8500  23597.8
2024-03-03 07:40:00  2.8547  2.8567  2.8186  2.8419  27031.1
2024-03-03 07:45:00  2.8441  2.8690  2.8426  2.8690   8075.8
2024-03-03 07:50:00  2.8706  2.8725  2.8639  2.8654  11449.3
2024-03-03 07:55:00  2.8678  2.8809  2.8667  2.8667   3552.6

[5027 rows x 5 columns]
2024-03-03 03:07:58,597 - INFO - Starting optimization for MANTA...
2024-03-03 03:31:56,505 - INFO - Optimization completed for MANTA. Best Parameters: None
2024-03-03 03:31:56,505 - ERROR - Invalid best parameters from optimization.
2024-03-03 03:31:57,532 - INFO - Data for OP after dropping NaNs:
                       Open    High     Low   Close   Volume
Timestamp                                                   
2024-02-14 02:15:00  3.6859  3.6908  3.6859  3.6872   1170.0
2024-02-14 02:20:00  3.6862  3.6862  3.6830  3.6830   2193.5
2024-02-14 02:25:00  3.6821  3.6838  3.6795  3.6826    916.7
2024-02-14 02:30:00  3.6830  3.6902  3.6826  3.6885    872.8
2024-02-14 02:35:00  3.6875  3.6875  3.6791  3.6804    155.3
...                     ...     ...     ...     ...      ...
2024-03-03 07:35:00  3.9074  3.9217  3.9059  3.9115  17310.5
2024-03-03 07:40:00  3.9141  3.9244  3.8898  3.9102   9790.8
2024-03-03 07:45:00  3.9110  3.9402  3.9110  3.9402  21449.5
2024-03-03 07:50:00  3.9403  3.9665  3.9364  3.9485  65635.0
2024-03-03 07:55:00  3.9515  3.9549  3.9284  3.9284  16138.3

[5253 rows x 5 columns]
2024-03-03 03:31:57,533 - INFO - Starting optimization for OP...
2024-03-03 03:56:59,921 - INFO - Optimization completed for OP. Best Parameters: None
2024-03-03 03:56:59,921 - ERROR - Invalid best parameters from optimization.
2024-03-03 03:57:02,417 - INFO - Data for PENDLE after dropping NaNs:
                       Open    High     Low   Close   Volume
Timestamp                                                   
2024-02-14 14:25:00  3.3530  3.3530  3.3490  3.3500   4497.0
2024-02-14 14:30:00  3.3510  3.3530  3.3430  3.3430   6911.0
2024-02-14 14:35:00  3.3462  3.3549  3.3444  3.3477    421.0
2024-02-14 14:40:00  3.3451  3.3451  3.3385  3.3428     45.0
2024-02-14 14:45:00  3.3454  3.3454  3.3187  3.3362    265.0
...                     ...     ...     ...     ...      ...
2024-03-03 07:35:00  3.2525  3.2525  3.2426  3.2428  21176.0
2024-03-03 07:40:00  3.2416  3.2555  3.2342  3.2555   3299.0
2024-03-03 07:45:00  3.2517  3.2573  3.2491  3.2570   5404.0
2024-03-03 07:50:00  3.2603  3.2671  3.2603  3.2636   1812.0
2024-03-03 07:55:00  3.2705  3.2771  3.2686  3.2686    984.0

[5107 rows x 5 columns]
2024-03-03 03:57:02,417 - INFO - Starting optimization for PENDLE...
2024-03-03 04:21:23,089 - INFO - Optimization completed for PENDLE. Best Parameters: None
2024-03-03 04:21:23,090 - ERROR - Invalid best parameters from optimization.
2024-03-03 04:21:23,872 - INFO - Data for RNDR after dropping NaNs:
                       Open    High     Low   Close  Volume
Timestamp                                                  
2024-02-14 04:25:00  4.9289  4.9289  4.9199  4.9245  9682.2
2024-02-14 04:30:00  4.9253  4.9449  4.9253  4.9423   138.7
2024-02-14 04:35:00  4.9372  4.9493  4.9334  4.9493   181.5
2024-02-14 04:40:00  4.9492  4.9569  4.9492  4.9567   250.9
2024-02-14 04:45:00  4.9602  4.9617  4.9544  4.9614  1042.2
...                     ...     ...     ...     ...     ...
2024-03-03 07:35:00  7.5335  7.6315  7.5260  7.6315  4787.2
2024-03-03 07:40:00  7.6519  7.6909  7.5964  7.6276  9890.3
2024-03-03 07:45:00  7.6591  7.7337  7.6535  7.7292  3812.5
2024-03-03 07:50:00  7.7290  7.7776  7.7133  7.7678  3865.2
2024-03-03 07:55:00  7.7887  7.8030  7.7760  7.7882  6234.9

[5227 rows x 5 columns]
2024-03-03 04:21:23,872 - INFO - Starting optimization for RNDR...
2024-03-03 04:46:20,233 - INFO - Optimization completed for RNDR. Best Parameters: None
2024-03-03 04:46:20,233 - ERROR - Invalid best parameters from optimization.
2024-03-03 04:46:21,709 - INFO - Data for SEI after dropping NaNs:
                        Open     High      Low    Close    Volume
Timestamp                                                        
2024-02-14 08:30:00  0.79241  0.79685  0.79241  0.79254   67850.0
2024-02-14 08:35:00  0.79516  0.79527  0.79154  0.79406   25204.0
2024-02-14 08:40:00  0.79330  0.79517  0.79208  0.79433   16673.0
2024-02-14 08:45:00  0.79412  0.79802  0.79412  0.79692   65162.0
2024-02-14 08:50:00  0.79652  0.80000  0.79652  0.79957   34142.0
...                      ...      ...      ...      ...       ...
2024-03-03 07:35:00  0.81796  0.82475  0.81714  0.82277  113897.0
2024-03-03 07:40:00  0.82343  0.82513  0.81516  0.82115  105632.0
2024-03-03 07:45:00  0.82201  0.82551  0.82077  0.82484   39404.0
2024-03-03 07:50:00  0.82345  0.82622  0.82076  0.82604   13442.0
2024-03-03 07:55:00  0.82525  0.82859  0.82203  0.82242  182959.0

[5178 rows x 5 columns]
2024-03-03 04:46:21,709 - INFO - Starting optimization for SEI...
2024-03-03 05:11:03,880 - INFO - Optimization completed for SEI. Best Parameters: None
2024-03-03 05:11:03,881 - ERROR - Invalid best parameters from optimization.
2024-03-03 05:11:05,892 - INFO - Data for SOL after dropping NaNs:
                       Open    High     Low   Close   Volume
Timestamp                                                   
2024-02-14 01:30:00  111.28  111.42  111.23  111.29  1090.38
2024-02-14 01:35:00  111.34  111.41  111.14  111.17   135.58
2024-02-14 01:40:00  111.15  111.15  110.71  110.86  1816.33
2024-02-14 01:45:00  110.86  111.12  110.86  111.12  1735.86
2024-02-14 01:50:00  111.17  111.22  111.12  111.12   342.74
...                     ...     ...     ...     ...      ...
2024-03-03 07:35:00  126.63  127.46  126.54  127.35  7606.85
2024-03-03 07:40:00  127.38  127.56  126.23  126.88  7399.83
2024-03-03 07:45:00  127.06  127.60  126.85  127.39  2983.22
2024-03-03 07:50:00  127.44  127.62  126.83  127.44  4306.24
2024-03-03 07:55:00  127.42  127.68  126.97  126.97  1816.72

[5262 rows x 5 columns]
2024-03-03 05:11:05,892 - INFO - Starting optimization for SOL...
2024-03-03 05:36:04,193 - INFO - Optimization completed for SOL. Best Parameters: None
2024-03-03 05:36:04,194 - ERROR - Invalid best parameters from optimization.
2024-03-03 05:36:11,240 - INFO - Data for SUI after dropping NaNs:
                       Open    High     Low   Close    Volume
Timestamp                                                    
2024-02-14 03:15:00  1.8449  1.8530  1.8449  1.8517   13159.4
2024-02-14 03:20:00  1.8515  1.8541  1.8493  1.8500     761.8
2024-02-14 03:25:00  1.8500  1.8525  1.8471  1.8525    3835.8
2024-02-14 03:30:00  1.8508  1.8534  1.8483  1.8483    4129.1
2024-02-14 03:35:00  1.8484  1.8484  1.8441  1.8441    3423.3
...                     ...     ...     ...     ...       ...
2024-03-03 07:35:00  1.5337  1.5498  1.5333  1.5422   42762.7
2024-03-03 07:40:00  1.5426  1.5484  1.5314  1.5400   94815.3
2024-03-03 07:45:00  1.5413  1.5512  1.5413  1.5508   52587.0
2024-03-03 07:50:00  1.5507  1.5543  1.5481  1.5503   48366.1
2024-03-03 07:55:00  1.5498  1.5551  1.5453  1.5453  101853.3

[5241 rows x 5 columns]
2024-03-03 05:36:11,240 - INFO - Starting optimization for SUI...
2024-03-03 06:01:07,220 - INFO - Optimization completed for SUI. Best Parameters: None
2024-03-03 06:01:07,221 - ERROR - Invalid best parameters from optimization.
2024-03-03 06:01:10,736 - INFO - Data for TIA after dropping NaNs:
                       Open    High     Low   Close   Volume
Timestamp                                                   
2024-02-14 13:00:00  19.367  19.422  19.364  19.422   1047.2
2024-02-14 13:05:00  19.420  19.435  19.394  19.420   2630.3
2024-02-14 13:10:00  19.411  19.411  19.373  19.373    727.9
2024-02-14 13:15:00  19.369  19.430  19.369  19.388  12283.9
2024-02-14 13:20:00  19.367  19.419  19.347  19.408   1550.5
...                     ...     ...     ...     ...      ...
2024-03-03 07:35:00  16.008  16.114  15.966  16.067  24129.0
2024-03-03 07:40:00  16.095  16.116  15.964  16.067   9073.9
2024-03-03 07:45:00  16.072  16.149  16.072  16.131   5702.2
2024-03-03 07:50:00  16.124  16.177  16.102  16.162   3851.2
2024-03-03 07:55:00  16.155  16.186  16.098  16.098   3738.6

[5124 rows x 5 columns]
2024-03-03 06:01:10,736 - INFO - Starting optimization for TIA...
2024-03-03 06:25:37,441 - INFO - Optimization completed for TIA. Best Parameters: None
2024-03-03 06:25:37,442 - ERROR - Invalid best parameters from optimization.
2024-03-03 06:25:38,794 - INFO - Data for WIF after dropping NaNs:
                        Open     High      Low    Close    Volume
Timestamp                                                        
2024-02-14 19:55:00  0.45860  0.45860  0.45723  0.45824   27518.0
2024-02-14 20:00:00  0.45734  0.45905  0.45656  0.45693  148404.0
2024-02-14 20:05:00  0.45708  0.45904  0.45583  0.45904   40799.0
2024-02-14 20:10:00  0.45904  0.45932  0.45809  0.45898   96250.0
2024-02-14 20:15:00  0.45908  0.45908  0.45736  0.45776   40728.0
...                      ...      ...      ...      ...       ...
2024-03-03 07:35:00  1.50850  1.56030  1.50850  1.54070  188945.0
2024-03-03 07:40:00  1.54950  1.54950  1.51000  1.52020  103660.0
2024-03-03 07:45:00  1.51920  1.57920  1.50700  1.57720  146172.0
2024-03-03 07:50:00  1.58310  1.58650  1.54290  1.54460   52617.0
2024-03-03 07:55:00  1.54080  1.55520  1.50870  1.50870   35346.0

[5041 rows x 5 columns]
2024-03-03 06:25:38,794 - INFO - Starting optimization for WIF...
2024-03-03 06:49:34,311 - INFO - Optimization completed for WIF. Best Parameters: None
2024-03-03 06:49:34,311 - ERROR - Invalid best parameters from optimization.
